make all --print-data-base --no-builtin-variables --no-builtin-rules --question
find: 'src': No such file or directory
 
find: 'src': No such file or directory
 
find: 'src': No such file or directory
 
find: 'src': No such file or directory
 
find: 'src': No such file or directory
 
find: 'src': No such file or directory
 
# GNU Make 4.3
# Built for x86_64-pc-linux-gnu
# Copyright (C) 1988-2020 Free Software Foundation, Inc.
# License GPLv3+: GNU GPL version 3 or later <http://gnu.org/licenses/gpl.html>
# This is free software: you are free to change and redistribute it.
# There is NO WARRANTY, to the extent permitted by law.

# Make data base, printed on Sun Nov  7 15:32:29 2021

# Variables

# environment
GDK_BACKEND = x11
# environment
LC_ALL = C
# environment
NO_AT_BRIDGE = 1
# makefile (from 'Makefile', line 124)
PRODUCTION_MACOS_ICON = icon
# makefile (from 'Makefile', line 177)
OBJ_SUBDIRS := 
# environment
GTK_RC_FILES = /etc/gtk/gtkrc:/home/daan/.gtkrc:/home/daan/.config/gtkrc
# makefile (from 'Makefile', line 274)
color_blue := \033[0;34m
# environment
VSCODE_IPC_HOOK_EXTHOST = /run/user/1000/vscode-ipc-7ba2b40c-c686-402b-bd88-3ae9c9117336.sock
# makefile (from 'Makefile', line 87)
SRC_DIR := src
# environment
VSCODE_CWD = /home/daan
# makefile (from 'Makefile', line 22)
SRC_TARGET = 
# makefile (from 'Makefile', line 234)
ASM_COMPILE = objdump -d -C -Mintel $< > $@
# default
MAKE_COMMAND := make
# makefile (from 'Makefile', line 205)
_DIRECTORIES := bin bin/Release bin/Release/dep bin/Release/obj
# automatic
@D = $(patsubst %/,%,$(dir $@))
# makefile (from 'Makefile', line 91)
SOURCE_FILES := 
# makefile (from 'Makefile', line 171)
OBJ_DIR := bin/Release/obj
# makefile (from 'env/linux.all.mk', line 19)
PRODUCTION_LINUX_ICON := sfml
# environment
VSCODE_HANDLES_UNCAUGHT_ERRORS = true
# makefile (from 'Makefile', line 99)
_LINK_LIBRARIES := -lsfml-graphics -lsfml-audio -lsfml-network -lsfml-window -lsfml-system -lstdc++fs -lX11
# default
.VARIABLES := 
# environment
PWD = /home/daan/Programming/IsoRTS
# makefile (from 'Makefile', line 385)
define do_copy_to
	@printf  '$(color_blue)cp -r $(1) $(2)\n'
	$(shell cp -r "$(1)" "$(2)")
endef
# automatic
%D = $(patsubst %/,%,$(dir $%))
# environment
MAIL = /var/spool/mail/daan
# environment
XDG_DATA_DIRS = /home/daan/.local/share/flatpak/exports/share:/var/lib/flatpak/exports/share:/usr/local/share:/usr/share
# automatic
^D = $(patsubst %/,%,$(dir $^))
# makefile (from 'env/linux.all.mk', line 7)
INCLUDE_DIRS := /usr/local/include
# makefile (from 'Makefile', line 128)
PRODUCTION_MACOS_MAKE_DMG = true
# environment
VSCODE_LOG_STACK = false
# automatic
%F = $(notdir $%)
# environment
VSCODE_CODE_CACHE_PATH = /home/daan/.config/Code - OSS/CachedData/ee8c7def80afc00dd6e593ef12f37756d8f504ea
# environment
XDG_SESSION_PATH = /org/freedesktop/DisplayManager/Session1
# makefile (from 'Makefile', line 180)
_DEPS := 
# environment
LANG = C
# environment
XAUTHORITY = /home/daan/.Xauthority
# default
.LOADED := 
# default
.INCLUDE_DIRS = /usr/include /usr/local/include /usr/include
# makefile (from 'Makefile', line 126)
PRODUCTION_MACOS_BUNDLE_DISPLAY_NAME = App
# makefile
MAKEFLAGS = pqrR --no-print-directory
# makefile (from 'Makefile', line 207)
_CLEAN := true
# makefile (from 'Makefile', line 277)
define compile_with
	$(if $(_CLEAN),@printf '   $(color_blue)$($(2):$(OBJ_DIR)/%=%)\n',@printf '$(color_blue)')
	$(_Q)$(3) && $(4)
endef
# makefile (from 'Makefile', line 175)
_OBJS := 
# makefile
CURDIR := /home/daan/Programming/IsoRTS
# environment
VSCODE_PIPE_LOGGING = true
# environment
APPLICATION_INSIGHTS_NO_DIAGNOSTIC_CHANNEL = true
# automatic
*D = $(patsubst %/,%,$(dir $*))
# environment
PAM_KWALLET5_LOGIN = /run/user/1000/kwallet5.socket
# makefile (from 'Makefile', line 228)
OBJ_COMPILE_T = $(CC) $(CFLAGS_DEPS_T) $(_BUILD_MACROS) $(_INCLUDE_DIRS) $(_INCLUDE_PCH) $(CFLAGS) -o $@ -c $<
# environment
MFLAGS = -pqrR --no-print-directory
# makefile (from 'Makefile', line 217)
RC = windres.exe
# default
.SHELLFLAGS := -c
# makefile (from 'Makefile', line 98)
_BUILD_MACROS := 
# makefile (from 'env/linux.all.mk', line 10)
BUILD_FLAGS :=  -pthread
# makefile (from 'Makefile', line 209)
_TARGET_DEPS := $(subst ,,   )
# environment
XDG_CONFIG_DIRS = /home/daan/.config/kdedefaults:/etc/xdg
# automatic
+D = $(patsubst %/,%,$(dir $+))
# makefile (from 'env/.all.mk', line 28)
PRODUCTION_DEPENDENCIES := content
# environment
XCURSOR_THEME = breeze_cursors
# environment
XDG_SESSION_DESKTOP = KDE
# environment
VSCODE_CRASH_REPORTER_START_OPTIONS = {"companyName":"Microsoft","productName":"Code - OSS","submitURL":"","uploadToServer":false}
# makefile (from 'env/linux.all.mk', line 22)
PRODUCTION_LINUX_APP_COMMENT := My SFML Game
# makefile (from 'bin/Release/dep/PCH.d', line 1)
MAKEFILE_LIST := Makefile env/.all.mk env/.release.mk env/linux.all.mk bin/Release/dep/PCH.d
# automatic
@F = $(notdir $@)
# environment
VSCODE_VERBOSE_LOGGING = true
# environment
VSCODE_PID = 33494
# makefile (from 'Makefile', line 127)
PRODUCTION_MACOS_BUNDLE_NAME = App
# environment
XDG_SESSION_TYPE = x11
# automatic
?D = $(patsubst %/,%,$(dir $?))
# makefile (from 'env/.all.mk', line 7)
_CFLAGS_OTHER := -fdiagnostics-color=always -fpermissive
# makefile (from 'Makefile', line 185)
_PCH_HFILE := 
# environment
SESSION_MANAGER = local/archlinux:@/tmp/.ICE-unix/499,unix/archlinux:/tmp/.ICE-unix/499
# automatic
*F = $(notdir $*)
# makefile (from 'Makefile', line 189)
_SYMBOLS := -s
# makefile (from 'Makefile', line 243)
UNI_LINK := ⇛
# environment
CHROME_DESKTOP = code-oss.desktop
# environment
DBUS_SESSION_BUS_ADDRESS = unix:path=/run/user/1000/bus
# automatic
<D = $(patsubst %/,%,$(dir $<))
# makefile (from 'Makefile', line 179)
DEP_DIR := bin/Release/dep
# makefile (from 'Makefile', line 119)
_LINUX_GREP_CWD := \/home\/daan\/Programming\/IsoRTS
# makefile (from 'Makefile', line 182)
DEP_SUBDIRS := 
# makefile (from 'Makefile', line 13)
PLATFORM = linux
# environment
VSCODE_NLS_CONFIG = {"locale":"nl","availableLanguages":{"*":"nl"},"_languagePackId":"6fe2b6e43041362acfd98a6c2dd6e5f1.nl","_translationsConfigFile":"/home/daan/.config/Code - OSS/clp/6fe2b6e43041362acfd98a6c2dd6e5f1.nl/tcf.json","_cacheRoot":"/home/daan/.config/Code - OSS/clp/6fe2b6e43041362acfd98a6c2dd6e5f1.nl","_resolvedLanguagePackCoreLocation":"/home/daan/.config/Code - OSS/clp/6fe2b6e43041362acfd98a6c2dd6e5f1.nl/ee8c7def80afc00dd6e593ef12f37756d8f504ea","_corruptedFile":"/home/daan/.config/Code - OSS/clp/6fe2b6e43041362acfd98a6c2dd6e5f1.nl/corrupted.info","_languagePackSupport":true}
# environment
BREAKPAD_DUMP_LOCATION = /home/daan/.config/Code - OSS/exthost Crash Reports
# default
MAKE_HOST := x86_64-pc-linux-gnu
# makefile (from 'Makefile', line 176)
OBJS := 
# makefile (from 'Makefile', line 10)
SHELL := /bin/sh
# default
MAKECMDGOALS := makepch
# makefile (from 'Makefile', line 242)
UNI_COPY := ➦
# environment
SHLVL = 0
# makefile (from 'Makefile', line 186)
_PCH_EXT := 
# makefile (from 'env/.all.mk', line 3)
DUMP_ASSEMBLY := false
# environment
MAKELEVEL := 1
# makefile (from 'Makefile', line 290)
MKDIR := @mkdir -p
# default
MAKE = $(MAKE_COMMAND)
# makefile (from 'Makefile', line 16)
_BUILDL := release
# environment
PATH = /usr/local/sbin:/usr/local/bin:/usr/bin:/usr/bin/site_perl:/usr/bin/vendor_perl:/usr/bin/core_perl
# makefile (from 'Makefile', line 74)
BUILD_MACROS = 
# default
MAKEFILES := 
# environment
LANGUAGE = 
# makefile (from 'Makefile', line 96)
_INCLUDE_DIRS := -Isrc/ -Ilib/ -I/usr/local/include
# environment
MOTD_SHOWN = pam
# automatic
^F = $(notdir $^)
# makefile (from 'Makefile', line 125)
PRODUCTION_MACOS_BUNDLE_COMPANY = developer
# makefile (from 'Makefile', line 221)
CFLAGS_DEPS_T = -MT $@ -MMD -MP -MF $(DEP_DIR)/.$(TEST_DIR)/$*.Td
# makefile (from 'Makefile', line 282)
linking_with = 	$(if $(_CLEAN),@printf '\n$(color_blue)$(UNI_LINK)  Linking: $(1)')
# environment
VSCODE_LOG_NATIVE = false
# makefile (from 'Makefile', line 222)
PCH_COMPILE = $(CC) $(CFLAGS_DEPS) $(_BUILD_MACROS) $(CFLAGS) $(_INCLUDE_DIRS) -o $@ -c $<
# makefile (from 'Makefile', line 37)
BUILD_STATIC = false
# makefile (from 'Makefile', line 227)
OBJ_COMPILE = $(CC) $(CFLAGS_DEPS) $(_BUILD_MACROS) $(_INCLUDE_DIRS) $(_INCLUDE_PCH) $(CFLAGS) -o $@ -c $<
# automatic
?F = $(notdir $?)
# environment
KDE_APPLICATIONS_AS_SCOPE = 1
# makefile (from 'Makefile', line 83)
NAME = game.exe
# environment
XDG_SEAT = seat0
# environment
XDG_CURRENT_DESKTOP = KDE
# automatic
+F = $(notdir $+)
# environment
XDG_SEAT_PATH = /org/freedesktop/DisplayManager/Seat0
# environment
DESKTOP_SESSION = plasma
# makefile (from 'Makefile', line 212)
_Q := @
# makefile (from 'env/.all.mk', line 2)
CLEAN_OUTPUT := true
# environment
ORIGINAL_XDG_CURRENT_DESKTOP = KDE
# makefile (from 'Makefile', line 236)
POST_COMPILE = mv -f $(DEP_DIR)/$*.Td $(DEP_DIR)/$*.d && touch $@
# makefile (from 'Makefile', line 169)
_SOURCES_IF_RC := 
# 'override' directive
GNUMAKEFLAGS := 
# environment
LOGNAME = daan
# makefile (from 'Makefile', line 93)
PROJECT_DIRS := 
# environment
XDG_VTNR = 1
# makefile (from 'env/linux.all.mk', line 14)
LINK_LIBRARIES := sfml-graphics sfml-audio sfml-network sfml-window sfml-system stdc++fs X11
# makefile (from 'Makefile', line 390)
copy_to = 	$(if $(wildcard $(2)/$(notdir $(1))),,$(if $(_CLEAN),$(call do_copy_to_clean,$(1),$(2)),$(call do_copy_to,$(1),$(2))))
# makefile (from 'Makefile', line 286)
build_deps = 	$(foreach dep,$(BUILD_DEPENDENCIES),$(call copy_to,$(dep),$(BLD_DIR)))
# makefile
.DEFAULT_GOAL := all
# environment
 
SYSTEMD_EXEC_PID = 413
# makefile (from 'Makefile', line 129)
PRODUCTION_MACOS_BACKGROUND = dmg-background
# makefile (from 'Makefile', line 275)
color_purple := \033[0;35m
# makefile (from 'Makefile', line 230)
RC_COMPILE = -$(RC) -J rc -O coff --preprocessor-arg=-MT --preprocessor-arg=$@ --preprocessor-arg=-MMD --preprocessor-arg=-MP --preprocessor-arg=-MF --preprocessor-arg=$(DEP_DIR)/$*.rc.Td $(_BUILD_MACROS) $(_INCLUDE_DIRS) -i $< -o $@
# environment
DISPLAY = :0
# environment
GTK_MODULES = canberra-gtk-module
# environment
USER = daan
# makefile (from 'Makefile', line 187)
_PCH_COMPILER_EXT := gch
# default
MAKE_VERSION := 4.3
# environment
KDE_SESSION_UID = 1000
# 'override' directive
.SHELLSTATUS := 1
# makefile (from 'Makefile', line 15)
BUILD = Release
# makefile (from 'env/.all.mk', line 19)
PRODUCTION_FOLDER := build
# makefile (from 'Makefile', line 238)
POST_COMPILE_RC = mv -f $(DEP_DIR)/$*.rc.Td $(DEP_DIR)/$*.rc.d && touch $@
# makefile (from 'Makefile', line 103)
TEST_DIR := 
# makefile (from 'Makefile', line 254)
ORIGIN_FLAG := '-Wl,-R$$ORIGIN'
# environment
_ = /usr/bin/make
# makefile (from 'Makefile', line 167)
_LIB_DIRS := -Llib/ -L/usr/local/lib
# makefile (from 'env/.all.mk', line 5)
_CFLAGS_STD := -std=c++17
# environment
XDG_RUNTIME_DIR = /run/user/1000
# makefile (from 'env/linux.all.mk', line 2)
CFLAGS := -O2 -std=c++17 -Wall -Wextra -Wpedantic -Wunreachable-code -Wunused -Wignored-qualifiers -Wcast-align -Wformat-nonliteral -Wformat=2 -Winvalid-pch -Wmissing-declarations -Wmissing-format-attribute -Wmissing-include-dirs -Wredundant-decls -Wswitch-default -Wodr -fdiagnostics-color=always -fpermissive -fpic
# makefile (from 'env/linux.all.mk', line 21)
PRODUCTION_LINUX_APP_NAME := SFML Boilerplate
# makefile (from 'env/linux.all.mk', line 4)
LIB_DIRS := /usr/local/lib
# makefile (from 'Makefile', line 192)
_PCH := 
# makefile (from 'Makefile', line 60)
PRODUCTION_FOLDER_RESOURCES := build
# environment
XDG_SESSION_CLASS = user
# environment
VSCODE_AMD_ENTRYPOINT = vs/workbench/services/extensions/node/extensionHostProcess
# environment
GTK2_RC_FILES = /etc/gtk-2.0/gtkrc:/home/daan/.gtkrc-2.0:/home/daan/.config/gtkrc-2.0
# environment
HOME = /home/daan
# makefile (from 'env/.all.mk', line 1)
MAX_PARALLEL_JOBS := 8
# environment
ELECTRON_RUN_AS_NODE = 1
# environment
VSCODE_IPC_HOOK = /run/user/1000/vscode-9d317b74-1.61.0-main.sock
# makefile (from 'Makefile', line 220)
CFLAGS_DEPS = -MT $@ -MMD -MP -MF $(DEP_DIR)/$*.Td
# environment
XDG_SESSION_ID = 2
# makefile (from 'env/.all.mk', line 21)
PRODUCTION_EXCLUDE := *.psd *.rar *.7z Thumbs.db .DS_Store
# environment
XCURSOR_SIZE = 24
# makefile (from 'Makefile', line 153)
BLD_DIR := bin/Release
# default
.RECIPEPREFIX := 
# automatic
<F = $(notdir $<)
# makefile (from 'Makefile', line 79)
BUILD_DEPENDENCIES = 
# makefile (from 'Makefile', line 181)
DEPS :=  bin/Release/dep/PCH.d
# makefile (from 'Makefile', line 2)
SUFFIXES = 
# makefile (from 'Makefile', line 162)
TARGET := bin/Release/game.exe
# environment
QT_AUTO_SCREEN_SCALE_FACTOR = 0
# makefile (from 'Makefile', line 154)
_BASENAME := game
# environment
VSCODE_CLI = 1
# environment
ELECTRON_NO_ATTACH_CONSOLE = 1
# makefile (from 'env/.all.mk', line 17)
PRECOMPILED_HEADER := PCH
# makefile (from 'env/.all.mk', line 6)
_CFLAGS_WARNINGS := -Wall -Wextra -Wpedantic -Wunreachable-code -Wunused -Wignored-qualifiers -Wcast-align -Wformat-nonliteral -Wformat=2 -Winvalid-pch -Wmissing-declarations -Wmissing-format-attribute -Wmissing-include-dirs -Wredundant-decls -Wswitch-default -Wodr
# makefile (from 'Makefile', line 88)
LIB_DIR := lib
# environment
KDE_SESSION_VERSION = 5
# default
.FEATURES := target-specific order-only second-expansion else-if shortest-stem undefine oneshell nocomment grouped-target extra-prereqs archives jobserver output-sync check-symlink guile load
# makefile (from 'env/linux.all.mk', line 1)
CC := g++
# makefile (from 'Makefile', line 380)
define do_copy_to_clean
	@printf  '$(color_blue)$(UNI_COPY)  Copying \"$(1)\" to \"$(CURDIR)/$(2)\"\n'
	$(shell cp -r "$(1)" "$(2)")
endef
# makefile (from 'Makefile', line 237)
POST_COMPILE_T = mv -f $(DEP_DIR)/.$(TEST_DIR)/$*.Td $(DEP_DIR)/.$(TEST_DIR)/$*.d && touch $@
# environment
KDE_FULL_SESSION = true
# variable set hash-table stats:
# Load=187/1024=18%, Rehash=0, Collisions=32/443=7%

# Pattern-specific Variable Values

# No pattern-specific variable values.

# Directories

# bin/Release/dep/. (device 65025, inode 9176083): No files, no impossibilities so far.
# bin/Release/obj (device 65025, inode 9176082): No files, no impossibilities so far.
# / (device 65024, inode 2): No files, no impossibilities so far.
# src: could not be stat'd.
# . (device 65025, inode 9045980): 22 files, no impossibilities.
# bin/Release/dep (device 65025, inode 9176083): No files, no impossibilities so far.

# 22 files, no impossibilities in 6 directories.

# Implicit Rules

bin/Release/obj/%.o: src/% | bin/Release/dep/%.d bin bin/Release bin/Release/dep bin/Release/obj
#  recipe to execute (from 'Makefile', line 307):
	$(call compile_with,@,<,$(OBJ_COMPILE),$(POST_COMPILE))

bin/Release/obj/./%.o: /% | bin/Release/dep/./%.d bin bin/Release bin/Release/dep bin/Release/obj
#  recipe to execute (from 'Makefile', line 310):
	$(call compile_with,@,<,$(OBJ_COMPILE_T),$(POST_COMPILE_T))

bin/Release/obj/%..gch: src/%. | bin/Release/dep/%.d bin bin/Release bin/Release/dep bin/Release/obj
#  recipe to execute (from 'Makefile', line 313):
	$(call compile_with,@,<,$(PCH_COMPILE),$(POST_COMPILE))

bin/Release/obj/%.res: src/%.rc | bin/Release/dep/%.rc.d bin bin/Release bin/Release/dep bin/Release/obj
#  recipe to execute (from 'Makefile', line 316):
	$(call compile_with,@,<,$(RC_COMPILE),$(POST_COMPILE_RC))

/%.o.asm: bin/Release/obj/%.o
#  recipe to execute (from 'Makefile', line 319):
	$(if $(_CLEAN),@printf '   $(color_purple)$@\n')
	$(_Q)$(ASM_COMPILE)

bin/Release/lib%-s.a:
#  recipe to execute (from 'Makefile', line 323):
	$(call linking_with,$@)
	-$(_Q)rm -rf $@
	$(_Q)ar -c -r -s $@ $(OBJS)
	@printf '\n'

bin/Release/dep/%.d:
#  recipe to execute (from 'Makefile', line 464):
	

%.c:

%.cpp:

%.h:

%.hpp:

%.rc:

%.res:

%.inl:

%.o:

%.d:

%.asm:

# 17 implicit rules, 0 (0.0%) terminal.
# Files

# Not a target:
.cpp:
#  Implicit rule search has not been done.
#  Modification time never checked.
#  File has not been updated.

# Not a target:
env/linux.all.mk:
#  Implicit rule search has been done.
#  Last modified 2021-11-02 15:41:41.478044562
#  File has been updated.
#  Successfully updated.

# Not a target:
.h:
#  Implicit rule search has not been done.
#  Modification time never checked.
#  File has not been updated.

src/Utility/Types.hpp:
#  Implicit rule search has not been done.
#  Modification time never checked.
#  File has not been updated.

# Not a target:
env/linux.release.mk:
#  Implicit rule search has been done.
#  File does not exist.
#  File has been updated.
#  Failed to be updated.

# Not a target:
.hpp:
#  Implicit rule search has not been done.
#  Modification time never checked.
#  File has not been updated.

src/Utility/FileSystem.hpp:
#  Implicit rule search has not been done.
#  Modification time never checked.
#  File has not been updated.

bin/Release/dep:
#  Implicit rule search has not been done.
#  Modification time never checked.
#  File has not been updated.
#  recipe to execute (from 'Makefile', line 357):
	$(if $(_CLEAN),,@printf '\$(color_blue)')
	$(MKDIR) $@

makeproduction: rmprod mkdirprod releasetoprod
#  Phony target (prerequisite of .PHONY).
#  Implicit rule search has not been done.
#  File does not exist.
#  File has not been updated.
#  recipe to execute (from 'Makefile', line 428):
	@printf '   $(color_blue)Adding dynamic libraries & project dependencies...\n'
	$(foreach dep,$(PRODUCTION_DEPENDENCIES),$(call copy_to,$(dep),$(PRODUCTION_FOLDER_RESOURCES)))
	$(foreach excl,$(PRODUCTION_EXCLUDE),$(shell find "$(PRODUCTION_FOLDER_RESOURCES)" -name '$(excl)' -delete))

.PRECIOUS: bin/Release/dep/%.d
#  Implicit rule search has not been done.
#  Modification time never checked.
#  File has not been updated.

bin/Release/game.so:
#  Implicit rule search has not been done.
#  Modification time never checked.
#  File has not been updated.
#  recipe to execute (from 'Makefile', line 335):
	$(call linking_with,$@)
	$(_Q)$(CC) -shared $(_LIB_DIRS) $(OBJS) -o $@ $(_SYMBOLS) $(_LINK_LIBRARIES) $(BUILD_FLAGS)
	@printf '\n'

# Not a target:
env/.release.mk:
#  Implicit rule search has been done.
#  Last modified 2021-11-02 15:41:41.478044562
#  File has been updated.
#  Successfully updated.

# Not a target:
Makefile:
#  Implicit rule search has been done.
#  Last modified 2021-11-02 15:41:41.478044562
#  File has been updated.
#  Successfully updated.

bin/Release/game.dylib:
 
#  Implicit rule search has not been done.
#  Modification time never checked.
#  File has not been updated.
#  recipe to execute (from 'Makefile', line 340):
	$(call linking_with,$(BLD_DIR)/$(_BASENAME).dylib)
	$(_Q)$(CC) -dynamiclib -undefined suppress -flat_namespace $(_LIB_DIRS) $(OBJS) -o $@ $(_SYMBOLS) $(_LINK_LIBRARIES) $(BUILD_FLAGS)
	@printf '\n'

mkdirprod:
#  Phony target (prerequisite of .PHONY).
#  Implicit rule search has not been done.
#  File does not exist.
#  File has not been updated.
#  recipe to execute (from 'Makefile', line 377):
	$(MKDIR) "$(PRODUCTION_FOLDER)"

# Not a target:
.asm:
#  Implicit rule search has not been done.
#  Modification time never checked.
#  File has not been updated.

.DELETE_ON_ERROR: all
#  Implicit rule search has not been done.
#  Modification time never checked.
#  File has not been updated.

buildprod: all makeproduction
#  Phony target (prerequisite of .PHONY).
#  Implicit rule search has not been done.
#  File does not exist.
#  File has not been updated.

clean:
#  Phony target (prerequisite of .PHONY).
#  Implicit rule search has not been done.
#  File does not exist.
#  File has not been updated.
#  recipe to execute (from 'Makefile', line 361):
	$(if $(_CLEAN),@printf '   $(color_blue)Cleaning old build files & folders...\n\n',@printf '$(color_blue)')
	$(_Q)$(RM) $(TARGET) $(DEPS) $(OBJS)

bin/Release/dep/PCH.d:
#  Precious file (prerequisite of .PRECIOUS).
#  Implicit rule search has been done.
#  Implicit/static pattern stem: 'PCH'
#  Last modified 2021-11-02 15:46:58.714632145
#  File has been updated.
#  Successfully updated.
#  recipe to execute (from 'Makefile', line 464):
	

# Not a target:
src/PCH.hpp:
#  Implicit rule search has not been done.
#  Modification time never checked.
#  File has not been updated.

bin/Release:
#  Implicit rule search has not been done.
#  Modification time never checked.
#  File has not been updated.
#  recipe to execute (from 'Makefile', line 357):
	$(if $(_CLEAN),,@printf '\$(color_blue)')
	$(MKDIR) $@

bin/Release/game.exe:
#  Implicit rule search has not been done.
#  Modification time never checked.
#  File has not been updated.
#  recipe to execute (from 'Makefile', line 345):
	$(call linking_with,$@)
	$(_Q)$(CC) $(_LIB_DIRS) $(_SYMBOLS) -o $@ $(ORIGIN_FLAG) $(OBJS) $(_LINK_LIBRARIES) $(BUILD_FLAGS)
	@printf '\n'
	$(call build_deps)

makebuild: bin/Release/game.exe
#  Phony target (prerequisite of .PHONY).
#  Implicit rule search has not been done.
#  File does not exist.
#  File has not been updated.
#  recipe to execute (from 'Makefile', line 298):
	@printf '   $(color_blue)Target is up to date.\n'

# Not a target:
.DEFAULT:
#  Implicit rule search has not been done.
#  Modification time never checked.
#  File has not been updated.

all:
#  Implicit rule search has not been done.
#  Modification time never checked.
#  File has not been updated.
#  recipe to execute (from 'Makefile', line 262):
	@$(MAKE) makepch
	@$(MAKE) -j$(MAX_PARALLEL_JOBS) makebuild

rmprod:
#  Phony target (prerequisite of .PHONY).
#  Implicit rule search has not been done.
#  File does not exist.
#  File has not been updated.
#  recipe to execute (from 'Makefile', line 369):
	@printf '\n'
	-$(_Q)rm -rf "$(if $(filter osx,$(PLATFORM)),$(PRODUCTION_FOLDER_MACOS),$(PRODUCTION_FOLDER))"
	-$(_Q)rm -rf ~/.local/share/applications/$(NAME).desktop

# Not a target:
.res:
#  Implicit rule search has not been done.
#  Modification time never checked.
#  File has not been updated.

# Not a target:
env/.all.mk:
#  Implicit rule search has been done.
#  Last modified 2021-11-02 17:02:12.393329737
#  File has been updated.
#  Successfully updated.

# Not a target:
.d:
#  Implicit rule search has not been done.
#  Modification time never checked.
#  File has not been updated.

makepch:
#  Phony target (prerequisite of .PHONY).
#  Command line target.
#  Implicit rule search has not been done.
#  Implicit/static pattern stem: ''
#  File does not exist.
#  File has been updated.
#  Needs to be updated (-q is set).
# automatic
# @ := makepch
# automatic
# * := 
# automatic
# < := 
# automatic
# + := 
# automatic
# % := 
# automatic
# ^ := 
# automatic
# ? := 
# automatic
# | := 
# variable set hash-table stats:
# Load=8/32=25%, Rehash=0, Collisions=1/11=9%
#  recipe to execute (from 'Makefile', line 293):
	@printf ''

# Not a target:
.inl:
#  Implicit rule search has not been done.
#  Modification time never checked.
#  File has not been updated.

bin:
#  Implicit rule search has not been done.
#  Modification time never checked.
#  File has not been updated.
#  recipe to execute (from 'Makefile', line 357):
	$(if $(_CLEAN),,@printf '\$(color_blue)')
	$(MKDIR) $@

# Not a target:
.o:
#  Implicit rule search has not been done.
#  Modification time never checked.
#  File has not been updated.

bin/Release/obj:
#  Implicit rule search has not been done.
#  Modification time never checked.
#  File has not been updated.
#  recipe to execute (from 'Makefile', line 357):
	$(if $(_CLEAN),,@printf '\$(color_blue)')
	$(MKDIR) $@

rebuild: clean all
#  Phony target (prerequisite of .PHONY).
#  Implicit rule search has not been done.
#  File does not exist.
#  File has not been updated.

# Not a target:
.c:
#  Implicit rule search has not been done.
#  Modification time never checked.
#  File has not been updated.

releasetoprod: bin/Release/game.exe
#  Phony target (prerequisite of .PHONY).
#  Implicit rule search has not been done.
#  File does not exist.
#  File has not been updated.
#  recipe to execute (from 'Makefile', line 409):
	$(_Q)cp $(TARGET) "$(PRODUCTION_FOLDER)"
	$(_Q)cp "env/linux/$(PRODUCTION_LINUX_ICON).png" "$(PRODUCTION_FOLDER)/$(PRODUCTION_LINUX_ICON).png"
	$(_Q)cp "env/linux/exec.desktop "$(PRODUCTION_FOLDER)/$(NAME).desktop"
	$(_Q)sed -i 's/^Exec=.*/Exec=$(_LINUX_GREP_CWD)\/$(PRODUCTION_FOLDER)\/$(NAME)/' "$(PRODUCTION_FOLDER)/$(NAME).desktop"
	$(_Q)sed -i 's/^Path=.*/Path=$(_LINUX_GREP_CWD)\/$(PRODUCTION_FOLDER)/' "$(PRODUCTION_FOLDER)/$(NAME).desktop"
	$(_Q)sed -i 's/^Name=.*/Name=$(PRODUCTION_LINUX_APP_NAME)/' "$(PRODUCTION_FOLDER)/$(NAME).desktop"
	$(_Q)sed -i 's/^Comment=.*/Comment=$(PRODUCTION_LINUX_APP_COMMENT)/' "$(PRODUCTION_FOLDER)/$(NAME).desktop"
	$(_Q)sed -i 's/^Icon=.*/Icon=$(_LINUX_GREP_CWD)\/$(PRODUCTION_FOLDER)\/$(PRODUCTION_LINUX_ICON).png/' "$(PRODUCTION_FOLDER)/$(NAME).desktop"
	$(_Q)chmod +x "$(PRODUCTION_FOLDER)/$(NAME)"
	$(_Q)chmod +x "$(PRODUCTION_FOLDER)/$(NAME).desktop"
	$(_Q)cp "$(PRODUCTION_FOLDER)/$(NAME).desktop" ~/.local/share/applications

bin/Release/game:
#  Implicit rule search has not been done.
#  Modification time never checked.
#  File has not been updated.
#  recipe to execute (from 'Makefile', line 351):
	$(call linking_with,$@)
	$(_Q)$(CC) $(_LIB_DIRS) $(_SYMBOLS) -o $@ $(ORIGIN_FLAG) $(OBJS) $(_LINK_LIBRARIES) $(BUILD_FLAGS)
	@printf '\n'
	$(call build_deps)

bin/Release/obj/PCH.hpp.gch: src/PCH.hpp src/Utility/FileSystem.hpp src/Utility/Types.hpp
#  Implicit rule search has not been done.
#  Modification time never checked.
#  File has not been updated.

.SUFFIXES: .c .cpp .h .hpp .rc .res .inl .o .d .asm
#  Implicit rule search has not been done.
#  Modification time never checked.
#  File has not been updated.

# Not a target:
.rc:
#  Implicit rule search has not been done.
#  Modification time never checked.
#  File has not been updated.

.PHONY: rebuild buildprod makepch makebuild clean rmprod mkdirprod releasetoprod makeproduction
#  Implicit rule search has not been done.
#  Modification time never checked.
#  File has not been updated.

# Not a target:
bin/Release/dep/%.d:
#  Precious file (prerequisite of .PRECIOUS).
#  Implicit rule search has not been done.
#  Modification time never checked.
#  File has not been updated.

bin/Release/game.dll:
#  Implicit rule search has not been done.
#  Modification time never checked.
#  File has not been updated.
#  recipe to execute (from 'Makefile', line 329):
	$(call linking_with,$@)
	-$(_Q)rm -rf $(BLD_DIR)/$(_BASENAME).def $(BLD_DIR)/$(_BASENAME).a
	$(_Q)$(CC) -shared -Wl,--output-def="$(BLD_DIR)/$(_BASENAME).def" -Wl,--out-implib="$(BLD_DIR)/$(_BASENAME).a" -Wl,--dll $(_LIB_DIRS) $(OBJS) -o $@ $(_SYMBOLS) $(_LINK_LIBRARIES) $(BUILD_FLAGS)
	@printf '\n'

# files hash-table stats:
# Load=45/1024=4%, Rehash=0, Collisions=3/201=1%
# VPATH Search Paths

# No 'vpath' search paths.

# No general ('VPATH' variable) search path.

# strcache buffers: 1 (0) / strings = 93 / storage = 1007 B / avg = 10 B
# current buf: size = 8162 B / used = 1007 B / count = 93 / avg = 10 B

# strcache performance: lookups = 193 / hit rate = 51%
# hash-table stats:
# Load=93/8192=1%, Rehash=0, Collisions=1/193=1%
# Finished Make data base on Sun Nov  7 15:32:29 2021

# GNU Make 4.3
 
# Built for x86_64-pc-linux-gnu
# Copyright (C) 1988-2020 Free Software Foundation, Inc.
# License GPLv3+: GNU GPL version 3 or later <http://gnu.org/licenses/gpl.html>
# This is free software: you are free to change and redistribute it.
# There is NO WARRANTY, to the extent permitted by law.

# Make data base, printed on Sun Nov  7 15:32:29 2021

# Variables

# environment
GDK_BACKEND = x11
# environment
LC_ALL = C
# environment
NO_AT_BRIDGE = 1
# makefile (from 'Makefile', line 124)
PRODUCTION_MACOS_ICON = icon
# makefile (from 'Makefile', line 177)
OBJ_SUBDIRS := 
# environment
GTK_RC_FILES = /etc/gtk/gtkrc:/home/daan/.gtkrc:/home/daan/.config/gtkrc
# makefile (from 'Makefile', line 274)
color_blue := \033[0;34m
# environment
VSCODE_IPC_HOOK_EXTHOST = /run/user/1000/vscode-ipc-7ba2b40c-c686-402b-bd88-3ae9c9117336.sock
# makefile (from 'Makefile', line 87)
SRC_DIR := src
# environment
VSCODE_CWD = /home/daan
# makefile (from 'Makefile', line 22)
SRC_TARGET = 
# makefile (from 'Makefile', line 234)
ASM_COMPILE = objdump -d -C -Mintel $< > $@
# default
MAKE_COMMAND := make
# makefile (from 'Makefile', line 205)
_DIRECTORIES := bin bin/Release bin/Release/dep bin/Release/obj
# automatic
@D = $(patsubst %/,%,$(dir $@))
# makefile (from 'Makefile', line 91)
SOURCE_FILES := 
# makefile (from 'Makefile', line 171)
OBJ_DIR := bin/Release/obj
# makefile (from 'env/linux.all.mk', line 19)
PRODUCTION_LINUX_ICON := sfml
# environment
VSCODE_HANDLES_UNCAUGHT_ERRORS = true
# makefile (from 'Makefile', line 99)
_LINK_LIBRARIES := -lsfml-graphics -lsfml-audio -lsfml-network -lsfml-window -lsfml-system -lstdc++fs -lX11
# default
.VARIABLES := 
# environment
PWD = /home/daan/Programming/IsoRTS
# makefile (from 'Makefile', line 385)
define do_copy_to
	@printf  '$(color_blue)cp -r $(1) $(2)\n'
	$(shell cp -r "$(1)" "$(2)")
endef
# automatic
%D = $(patsubst %/,%,$(dir $%))
# environment
MAIL = /var/spool/mail/daan
# environment
XDG_DATA_DIRS = /home/daan/.local/share/flatpak/exports/share:/var/lib/flatpak/exports/share:/usr/local/share:/usr/share
# automatic
^D = $(patsubst %/,%,$(dir $^))
# makefile (from 'env/linux.all.mk', line 7)
INCLUDE_DIRS := /usr/local/include
# makefile (from 'Makefile', line 128)
PRODUCTION_MACOS_MAKE_DMG = true
# environment
VSCODE_LOG_STACK = false
# automatic
%F = $(notdir $%)
# environment
VSCODE_CODE_CACHE_PATH = /home/daan/.config/Code - OSS/CachedData/ee8c7def80afc00dd6e593ef12f37756d8f504ea
# environment
XDG_SESSION_PATH = /org/freedesktop/DisplayManager/Session1
# makefile (from 'Makefile', line 180)
_DEPS := 
# environment
LANG = C
# environment
XAUTHORITY = /home/daan/.Xauthority
# default
.LOADED := 
# default
.INCLUDE_DIRS = /usr/include /usr/local/include /usr/include
# makefile (from 'Makefile', line 126)
PRODUCTION_MACOS_BUNDLE_DISPLAY_NAME = App
# makefile
MAKEFLAGS = pqrR --no-print-directory
# makefile (from 'Makefile', line 207)
_CLEAN := true
# makefile (from 'Makefile', line 277)
define compile_with
	$(if $(_CLEAN),@printf '   $(color_blue)$($(2):$(OBJ_DIR)/%=%)\n',@printf '$(color_blue)')
	$(_Q)$(3) && $(4)
endef
# makefile (from 'Makefile', line 175)
_OBJS := 
# makefile
CURDIR := /home/daan/Programming/IsoRTS
# environment
VSCODE_PIPE_LOGGING = true
# environment
APPLICATION_INSIGHTS_NO_DIAGNOSTIC_CHANNEL = true
# automatic
*D = $(patsubst %/,%,$(dir $*))
# environment
PAM_KWALLET5_LOGIN = /run/user/1000/kwallet5.socket
# makefile (from 'Makefile', line 228)
OBJ_COMPILE_T = $(CC) $(CFLAGS_DEPS_T) $(_BUILD_MACROS) $(_INCLUDE_DIRS) $(_INCLUDE_PCH) $(CFLAGS) -o $@ -c $<
# environment
MFLAGS = -pqrR --no-print-directory
# makefile (from 'Makefile', line 217)
RC = windres.exe
# default
.SHELLFLAGS := -c
# makefile (from 'Makefile', line 98)
_BUILD_MACROS := 
# makefile (from 'env/linux.all.mk', line 10)
BUILD_FLAGS :=  -pthread
# makefile (from 'Makefile', line 209)
_TARGET_DEPS := $(subst ,,   )
# environment
XDG_CONFIG_DIRS = /home/daan/.config/kdedefaults:/etc/xdg
# automatic
+D = $(patsubst %/,%,$(dir $+))
# makefile (from 'env/.all.mk', line 28)
PRODUCTION_DEPENDENCIES := content
# environment
XCURSOR_THEME = breeze_cursors
# environment
XDG_SESSION_DESKTOP = KDE
# environment
VSCODE_CRASH_REPORTER_START_OPTIONS = {"companyName":"Microsoft","productName":"Code - OSS","submitURL":"","uploadToServer":false}
# makefile (from 'env/linux.all.mk', line 22)
PRODUCTION_LINUX_APP_COMMENT := My SFML Game
# makefile (from 'bin/Release/dep/PCH.d', line 1)
MAKEFILE_LIST := Makefile env/.all.mk env/.release.mk env/linux.all.mk bin/Release/dep/PCH.d
# automatic
@F = $(notdir $@)
# environment
VSCODE_VERBOSE_LOGGING = true
# environment
VSCODE_PID = 33494
# makefile (from 'Makefile', line 127)
PRODUCTION_MACOS_BUNDLE_NAME = App
# environment
XDG_SESSION_TYPE = x11
# automatic
?D = $(patsubst %/,%,$(dir $?))
# makefile (from 'env/.all.mk', line 7)
_CFLAGS_OTHER := -fdiagnostics-color=always -fpermissive
# makefile (from 'Makefile', line 185)
_PCH_HFILE := 
# environment
SESSION_MANAGER = local/archlinux:@/tmp/.ICE-unix/499,unix/archlinux:/tmp/.ICE-unix/499
# automatic
*F = $(notdir $*)
# makefile (from 'Makefile', line 189)
_SYMBOLS := -s
# makefile (from 'Makefile', line 243)
UNI_LINK := ⇛
# environment
CHROME_DESKTOP = code-oss.desktop
# environment
DBUS_SESSION_BUS_ADDRESS = unix:path=/run/user/1000/bus
# automatic
<D = $(patsubst %/,%,$(dir $<))
# makefile (from 'Makefile', line 179)
DEP_DIR := bin/Release/dep
# makefile (from 'Makefile', line 119)
_LINUX_GREP_CWD := \/home\/daan\/Programming\/IsoRTS
# makefile (from 'Makefile', line 182)
DEP_SUBDIRS := 
# makefile (from 'Makefile', line 13)
PLATFORM = linux
# environment
VSCODE_NLS_CONFIG = {"locale":"nl","availableLanguages":{"*":"nl"},"_languagePackId":"6fe2b6e43041362acfd98a6c2dd6e5f1.nl","_translationsConfigFile":"/home/daan/.config/Code - OSS/clp/6fe2b6e43041362acfd98a6c2dd6e5f1.nl/tcf.json","_cacheRoot":"/home/daan/.config/Code - OSS/clp/6fe2b6e43041362acfd98a6c2dd6e5f1.nl","_resolvedLanguagePackCoreLocation":"/home/daan/.config/Code - OSS/clp/6fe2b6e43041362acfd98a6c2dd6e5f1.nl/ee8c7def80afc00dd6e593ef12f37756d8f504ea","_corruptedFile":"/home/daan/.config/Code - OSS/clp/6fe2b6e43041362acfd98a6c2dd6e5f1.nl/corrupted.info","_languagePackSupport":true}
# environment
BREAKPAD_DUMP_LOCATION = /home/daan/.config/Code - OSS/exthost Crash Reports
# default
MAKE_HOST := x86_64-pc-linux-gnu
# makefile (from 'Makefile', line 176)
OBJS := 
# makefile (from 'Makefile', line 10)
SHELL := /bin/sh
# default
MAKECMDGOALS := all
# makefile (from 'Makefile', line 242)
UNI_COPY := ➦
# environment
SHLVL = 0
# makefile (from 'Makefile', line 186)
_PCH_EXT := 
# makefile (from 'env/.all.mk', line 3)
DUMP_ASSEMBLY := false
# environment
MAKELEVEL := 0
# makefile (from 'Makefile', line 290)
MKDIR := @mkdir -p
# default
MAKE = $(MAKE_COMMAND)
# makefile (from 'Makefile', line 16)
_BUILDL := release
# environment
PATH = /usr/local/sbin:/usr/local/bin:/usr/bin:/usr/bin/site_perl:/usr/bin/vendor_perl:/usr/bin/core_perl
# makefile (from 'Makefile', line 74)
BUILD_MACROS = 
# default
MAKEFILES := 
# environment
LANGUAGE = 
# makefile (from 'Makefile', line 96)
_INCLUDE_DIRS := -Isrc/ -Ilib/ -I/usr/local/include
# environment
MOTD_SHOWN = pam
# automatic
^F = $(notdir $^)
# makefile (from 'Makefile', line 125)
PRODUCTION_MACOS_BUNDLE_COMPANY = developer
# makefile (from 'Makefile', line 221)
CFLAGS_DEPS_T = -MT $@ -MMD -MP -MF $(DEP_DIR)/.$(TEST_DIR)/$*.Td
# makefile (from 'Makefile', line 282)
linking_with = 	$(if $(_CLEAN),@printf '\n$(color_blue)$(UNI_LINK)  Linking: $(1)')
# environment
VSCODE_LOG_NATIVE = false
# makefile (from 'Makefile', line 222)
PCH_COMPILE = $(CC) $(CFLAGS_DEPS) $(_BUILD_MACROS) $(CFLAGS) $(_INCLUDE_DIRS) -o $@ -c $<
# makefile (from 'Makefile', line 37)
BUILD_STATIC = false
# makefile (from 'Makefile', line 227)
OBJ_COMPILE = $(CC) $(CFLAGS_DEPS) $(_BUILD_MACROS) $(_INCLUDE_DIRS) $(_INCLUDE_PCH) $(CFLAGS) -o $@ -c $<
# automatic
?F = $(notdir $?)
# environment
KDE_APPLICATIONS_AS_SCOPE = 1
# makefile (from 'Makefile', line 83)
NAME = game.exe
# environment
XDG_SEAT = seat0
# environment
XDG_CURRENT_DESKTOP = KDE
# automatic
+F = $(notdir $+)
# environment
XDG_SEAT_PATH = /org/freedesktop/DisplayManager/Seat0
# environment
DESKTOP_SESSION = plasma
# makefile (from 'Makefile', line 212)
_Q := @
# makefile (from 'env/.all.mk', line 2)
CLEAN_OUTPUT := true
# environment
ORIGINAL_XDG_CURRENT_DESKTOP = KDE
# makefile (from 'Makefile', line 236)
POST_COMPILE = mv -f $(DEP_DIR)/$*.Td $(DEP_DIR)/$*.d && touch $@
# makefile (from 'Makefile', line 169)
_SOURCES_IF_RC := 
# 'override' directive
GNUMAKEFLAGS := 
# environment
LOGNAME = daan
# makefile (from 'Makefile', line 93)
PROJECT_DIRS := 
# environment
XDG_VTNR = 1
# makefile (from 'env/linux.all.mk', line 14)
LINK_LIBRARIES := sfml-graphics sfml-audio sfml-network sfml-window sfml-system stdc++fs X11
# makefile (from 'Makefile', line 390)
copy_to = 	$(if $(wildcard $(2)/$(notdir $(1))),,$(if $(_CLEAN),$(call do_copy_to_clean,$(1),$(2)),$(call do_copy_to,$(1),$(2))))
# makefile (from 'Makefile', line 286)
build_deps = 	$(foreach dep,$(BUILD_DEPENDENCIES),$(call copy_to,$(dep),$(BLD_DIR)))
# makefile
.DEFAULT_GOAL := all
# environment
SYSTEMD_EXEC_PID = 413
 
# makefile (from 'Makefile', line 129)
PRODUCTION_MACOS_BACKGROUND = dmg-background
# makefile (from 'Makefile', line 275)
color_purple := \033[0;35m
# makefile (from 'Makefile', line 230)
RC_COMPILE = -$(RC) -J rc -O coff --preprocessor-arg=-MT --preprocessor-arg=$@ --preprocessor-arg=-MMD --preprocessor-arg=-MP --preprocessor-arg=-MF --preprocessor-arg=$(DEP_DIR)/$*.rc.Td $(_BUILD_MACROS) $(_INCLUDE_DIRS) -i $< -o $@
# environment
DISPLAY = :0
# environment
GTK_MODULES = canberra-gtk-module
# environment
USER = daan
# makefile (from 'Makefile', line 187)
_PCH_COMPILER_EXT := gch
# default
MAKE_VERSION := 4.3
# environment
KDE_SESSION_UID = 1000
# 'override' directive
.SHELLSTATUS := 1
# makefile (from 'Makefile', line 15)
BUILD = Release
# makefile (from 'env/.all.mk', line 19)
PRODUCTION_FOLDER := build
# makefile (from 'Makefile', line 238)
POST_COMPILE_RC = mv -f $(DEP_DIR)/$*.rc.Td $(DEP_DIR)/$*.rc.d && touch $@
# makefile (from 'Makefile', line 103)
TEST_DIR := 
# makefile (from 'Makefile', line 254)
ORIGIN_FLAG := '-Wl,-R$$ORIGIN'
# environment
_ = /usr/bin/make
# makefile (from 'Makefile', line 167)
_LIB_DIRS := -Llib/ -L/usr/local/lib
# makefile (from 'env/.all.mk', line 5)
_CFLAGS_STD := -std=c++17
# environment
XDG_RUNTIME_DIR = /run/user/1000
# makefile (from 'env/linux.all.mk', line 2)
CFLAGS := -O2 -std=c++17 -Wall -Wextra -Wpedantic -Wunreachable-code -Wunused -Wignored-qualifiers -Wcast-align -Wformat-nonliteral -Wformat=2 -Winvalid-pch -Wmissing-declarations -Wmissing-format-attribute -Wmissing-include-dirs -Wredundant-decls -Wswitch-default -Wodr -fdiagnostics-color=always -fpermissive -fpic
# makefile (from 'env/linux.all.mk', line 21)
PRODUCTION_LINUX_APP_NAME := SFML Boilerplate
# makefile (from 'env/linux.all.mk', line 4)
LIB_DIRS := /usr/local/lib
# makefile (from 'Makefile', line 192)
_PCH := 
# makefile (from 'Makefile', line 60)
PRODUCTION_FOLDER_RESOURCES := build
# environment
XDG_SESSION_CLASS = user
# environment
VSCODE_AMD_ENTRYPOINT = vs/workbench/services/extensions/node/extensionHostProcess
# environment
GTK2_RC_FILES = /etc/gtk-2.0/gtkrc:/home/daan/.gtkrc-2.0:/home/daan/.config/gtkrc-2.0
# environment
HOME = /home/daan
# makefile (from 'env/.all.mk', line 1)
MAX_PARALLEL_JOBS := 8
# environment
ELECTRON_RUN_AS_NODE = 1
# environment
VSCODE_IPC_HOOK = /run/user/1000/vscode-9d317b74-1.61.0-main.sock
# makefile (from 'Makefile', line 220)
CFLAGS_DEPS = -MT $@ -MMD -MP -MF $(DEP_DIR)/$*.Td
# environment
XDG_SESSION_ID = 2
# makefile (from 'env/.all.mk', line 21)
PRODUCTION_EXCLUDE := *.psd *.rar *.7z Thumbs.db .DS_Store
# environment
XCURSOR_SIZE = 24
# makefile (from 'Makefile', line 153)
BLD_DIR := bin/Release
# default
.RECIPEPREFIX := 
# automatic
<F = $(notdir $<)
# makefile (from 'Makefile', line 79)
BUILD_DEPENDENCIES = 
# makefile (from 'Makefile', line 181)
DEPS :=  bin/Release/dep/PCH.d
# makefile (from 'Makefile', line 2)
SUFFIXES = 
# makefile (from 'Makefile', line 162)
TARGET := bin/Release/game.exe
# environment
QT_AUTO_SCREEN_SCALE_FACTOR = 0
# makefile (from 'Makefile', line 154)
_BASENAME := game
# environment
VSCODE_CLI = 1
# environment
ELECTRON_NO_ATTACH_CONSOLE = 1
# makefile (from 'env/.all.mk', line 17)
PRECOMPILED_HEADER := PCH
# makefile (from 'env/.all.mk', line 6)
_CFLAGS_WARNINGS := -Wall -Wextra -Wpedantic -Wunreachable-code -Wunused -Wignored-qualifiers -Wcast-align -Wformat-nonliteral -Wformat=2 -Winvalid-pch -Wmissing-declarations -Wmissing-format-attribute -Wmissing-include-dirs -Wredundant-decls -Wswitch-default -Wodr
# makefile (from 'Makefile', line 88)
LIB_DIR := lib
# environment
KDE_SESSION_VERSION = 5
# default
.FEATURES := target-specific order-only second-expansion else-if shortest-stem undefine oneshell nocomment grouped-target extra-prereqs archives jobserver output-sync check-symlink guile load
# makefile (from 'env/linux.all.mk', line 1)
CC := g++
# makefile (from 'Makefile', line 380)
define do_copy_to_clean
	@printf  '$(color_blue)$(UNI_COPY)  Copying \"$(1)\" to \"$(CURDIR)/$(2)\"\n'
	$(shell cp -r "$(1)" "$(2)")
endef
# makefile (from 'Makefile', line 237)
POST_COMPILE_T = mv -f $(DEP_DIR)/.$(TEST_DIR)/$*.Td $(DEP_DIR)/.$(TEST_DIR)/$*.d && touch $@
# environment
KDE_FULL_SESSION = true
# variable set hash-table stats:
# Load=187/1024=18%, Rehash=0, Collisions=32/445=7%

# Pattern-specific Variable Values

# No pattern-specific variable values.

# Directories

# bin/Release/dep/. (device 65025, inode 9176083): No files, no impossibilities so far.
# bin/Release/obj (device 65025, inode 9176082): No files, no impossibilities so far.
# / (device 65024, inode 2): No files, no impossibilities so far.
# src: could not be stat'd.
# . (device 65025, inode 9045980): 22 files, no impossibilities.
# bin/Release/dep (device 65025, inode 9176083): No files, no impossibilities so far.

# 22 files, no impossibilities in 6 directories.

# Implicit Rules

bin/Release/obj/%.o: src/% | bin/Release/dep/%.d bin bin/Release bin/Release/dep bin/Release/obj
#  recipe to execute (from 'Makefile', line 307):
	$(call compile_with,@,<,$(OBJ_COMPILE),$(POST_COMPILE))

bin/Release/obj/./%.o: /% | bin/Release/dep/./%.d bin bin/Release bin/Release/dep bin/Release/obj
#  recipe to execute (from 'Makefile', line 310):
	$(call compile_with,@,<,$(OBJ_COMPILE_T),$(POST_COMPILE_T))

bin/Release/obj/%..gch: src/%. | bin/Release/dep/%.d bin bin/Release bin/Release/dep bin/Release/obj
#  recipe to execute (from 'Makefile', line 313):
	$(call compile_with,@,<,$(PCH_COMPILE),$(POST_COMPILE))

bin/Release/obj/%.res: src/%.rc | bin/Release/dep/%.rc.d bin bin/Release bin/Release/dep bin/Release/obj
#  recipe to execute (from 'Makefile', line 316):
	$(call compile_with,@,<,$(RC_COMPILE),$(POST_COMPILE_RC))

/%.o.asm: bin/Release/obj/%.o
#  recipe to execute (from 'Makefile', line 319):
	$(if $(_CLEAN),@printf '   $(color_purple)$@\n')
	$(_Q)$(ASM_COMPILE)

bin/Release/lib%-s.a:
#  recipe to execute (from 'Makefile', line 323):
	$(call linking_with,$@)
	-$(_Q)rm -rf $@
	$(_Q)ar -c -r -s $@ $(OBJS)
	@printf '\n'

bin/Release/dep/%.d:
#  recipe to execute (from 'Makefile', line 464):
	

%.c:

%.cpp:

%.h:

%.hpp:

%.rc:

%.res:

%.inl:

%.o:

%.d:

%.asm:

# 17 implicit rules, 0 (0.0%) terminal.
# Files

# Not a target:
.cpp:
#  Implicit rule search has not been done.
#  Modification time never checked.
#  File has not been updated.

# Not a target:
env/linux.all.mk:
#  Implicit rule search has been done.
#  Last modified 2021-11-02 15:41:41.478044562
#  File has been updated.
#  Successfully updated.

# Not a target:
.h:
#  Implicit rule search has not been done.
#  Modification time never checked.
#  File has not been updated.

src/Utility/Types.hpp:
#  Implicit rule search has not been done.
#  Modification time never checked.
#  File has not been updated.

# Not a target:
env/linux.release.mk:
#  Implicit rule search has been done.
#  File does not exist.
#  File has been updated.
#  Failed to be updated.

# Not a target:
.hpp:
#  Implicit rule search has not been done.
#  Modification time never checked.
#  File has not been updated.

src/Utility/FileSystem.hpp:
#  Implicit rule search has not been done.
#  Modification time never checked.
#  File has not been updated.

bin/Release/dep:
#  Implicit rule search has not been done.
#  Modification time never checked.
#  File has not been updated.
#  recipe to execute (from 'Makefile', line 357):
	$(if $(_CLEAN),,@printf '\$(color_blue)')
	$(MKDIR) $@

makeproduction: rmprod mkdirprod releasetoprod
#  Phony target (prerequisite of .PHONY).
#  Implicit rule search has not been done.
#  File does not exist.
#  File has not been updated.
#  recipe to execute (from 'Makefile', line 428):
	@printf '   $(color_blue)Adding dynamic libraries & project dependencies...\n'
	$(foreach dep,$(PRODUCTION_DEPENDENCIES),$(call copy_to,$(dep),$(PRODUCTION_FOLDER_RESOURCES)))
	$(foreach excl,$(PRODUCTION_EXCLUDE),$(shell find "$(PRODUCTION_FOLDER_RESOURCES)" -name '$(excl)' -delete))

.PRECIOUS: bin/Release/dep/%.d
#  Implicit rule search has not been done.
#  Modification time never checked.
#  File has not been updated.

bin/Release/game.so:
#  Implicit rule search has not been done.
#  Modification time never checked.
#  File has not been updated.
#  recipe to execute (from 'Makefile', line 335):
	$(call linking_with,$@)
	$(_Q)$(CC) -shared $(_LIB_DIRS) $(OBJS) -o $@ $(_SYMBOLS) $(_LINK_LIBRARIES) $(BUILD_FLAGS)
	@printf '\n'

# Not a target:
env/.release.mk:
#  Implicit rule search has been done.
#  Last modified 2021-11-02 15:41:41.478044562
#  File has been updated.
#  Successfully updated.

# Not a target:
Makefile:
#  Implicit rule search has been done.
#  Last modified 2021-11-02 15:41:41.478044562
#  File has been updated.
#  Successfully updated.

bin/Release/game.dylib:
#  Implicit rule search has not been done.
 
#  Modification time never checked.
#  File has not been updated.
#  recipe to execute (from 'Makefile', line 340):
	$(call linking_with,$(BLD_DIR)/$(_BASENAME).dylib)
	$(_Q)$(CC) -dynamiclib -undefined suppress -flat_namespace $(_LIB_DIRS) $(OBJS) -o $@ $(_SYMBOLS) $(_LINK_LIBRARIES) $(BUILD_FLAGS)
	@printf '\n'

mkdirprod:
#  Phony target (prerequisite of .PHONY).
#  Implicit rule search has not been done.
#  File does not exist.
#  File has not been updated.
#  recipe to execute (from 'Makefile', line 377):
	$(MKDIR) "$(PRODUCTION_FOLDER)"

# Not a target:
.asm:
#  Implicit rule search has not been done.
#  Modification time never checked.
#  File has not been updated.

.DELETE_ON_ERROR: all
#  Implicit rule search has not been done.
#  Modification time never checked.
#  File has not been updated.

buildprod: all makeproduction
#  Phony target (prerequisite of .PHONY).
#  Implicit rule search has not been done.
#  File does not exist.
#  File has not been updated.

clean:
#  Phony target (prerequisite of .PHONY).
#  Implicit rule search has not been done.
#  File does not exist.
#  File has not been updated.
#  recipe to execute (from 'Makefile', line 361):
	$(if $(_CLEAN),@printf '   $(color_blue)Cleaning old build files & folders...\n\n',@printf '$(color_blue)')
	$(_Q)$(RM) $(TARGET) $(DEPS) $(OBJS)

bin/Release/dep/PCH.d:
#  Precious file (prerequisite of .PRECIOUS).
#  Implicit rule search has been done.
#  Implicit/static pattern stem: 'PCH'
#  Last modified 2021-11-02 15:46:58.714632145
#  File has been updated.
#  Successfully updated.
#  recipe to execute (from 'Makefile', line 464):
	

# Not a target:
src/PCH.hpp:
#  Implicit rule search has not been done.
#  Modification time never checked.
#  File has not been updated.

bin/Release:
#  Implicit rule search has not been done.
#  Modification time never checked.
#  File has not been updated.
#  recipe to execute (from 'Makefile', line 357):
	$(if $(_CLEAN),,@printf '\$(color_blue)')
	$(MKDIR) $@

bin/Release/game.exe:
#  Implicit rule search has not been done.
#  Modification time never checked.
#  File has not been updated.
#  recipe to execute (from 'Makefile', line 345):
	$(call linking_with,$@)
	$(_Q)$(CC) $(_LIB_DIRS) $(_SYMBOLS) -o $@ $(ORIGIN_FLAG) $(OBJS) $(_LINK_LIBRARIES) $(BUILD_FLAGS)
	@printf '\n'
	$(call build_deps)

makebuild: bin/Release/game.exe
#  Phony target (prerequisite of .PHONY).
#  Implicit rule search has not been done.
#  File does not exist.
#  File has not been updated.
#  recipe to execute (from 'Makefile', line 298):
	@printf '   $(color_blue)Target is up to date.\n'

# Not a target:
.DEFAULT:
#  Implicit rule search has not been done.
#  Modification time never checked.
#  File has not been updated.

all:
#  Command line target.
#  Implicit rule search has not been done.
#  Implicit/static pattern stem: ''
#  Modification time never checked.
#  File has been updated.
#  Needs to be updated (-q is set).
# automatic
# @ := all
# automatic
# * := 
# automatic
# < := 
# automatic
# + := 
# automatic
# % := 
# automatic
# ^ := 
# automatic
# ? := 
# automatic
# | := 
# variable set hash-table stats:
# Load=8/32=25%, Rehash=0, Collisions=4/16=25%
#  recipe to execute (from 'Makefile', line 262):
	@$(MAKE) makepch
	@$(MAKE) -j$(MAX_PARALLEL_JOBS) makebuild

rmprod:
#  Phony target (prerequisite of .PHONY).
#  Implicit rule search has not been done.
#  File does not exist.
#  File has not been updated.
#  recipe to execute (from 'Makefile', line 369):
	@printf '\n'
	-$(_Q)rm -rf "$(if $(filter osx,$(PLATFORM)),$(PRODUCTION_FOLDER_MACOS),$(PRODUCTION_FOLDER))"
	-$(_Q)rm -rf ~/.local/share/applications/$(NAME).desktop

# Not a target:
.res:
#  Implicit rule search has not been done.
#  Modification time never checked.
#  File has not been updated.

# Not a target:
env/.all.mk:
#  Implicit rule search has been done.
#  Last modified 2021-11-02 17:02:12.393329737
#  File has been updated.
#  Successfully updated.

# Not a target:
.d:
#  Implicit rule search has not been done.
#  Modification time never checked.
#  File has not been updated.

makepch:
#  Phony target (prerequisite of .PHONY).
#  Implicit rule search has not been done.
#  File does not exist.
#  File has not been updated.
#  recipe to execute (from 'Makefile', line 293):
	@printf ''

# Not a target:
.inl:
#  Implicit rule search has not been done.
#  Modification time never checked.
#  File has not been updated.

bin:
#  Implicit rule search has not been done.
#  Modification time never checked.
#  File has not been updated.
#  recipe to execute (from 'Makefile', line 357):
	$(if $(_CLEAN),,@printf '\$(color_blue)')
	$(MKDIR) $@

# Not a target:
.o:
#  Implicit rule search has not been done.
#  Modification time never checked.
#  File has not been updated.

bin/Release/obj:
#  Implicit rule search has not been done.
#  Modification time never checked.
#  File has not been updated.
#  recipe to execute (from 'Makefile', line 357):
	$(if $(_CLEAN),,@printf '\$(color_blue)')
	$(MKDIR) $@

rebuild: clean all
#  Phony target (prerequisite of .PHONY).
#  Implicit rule search has not been done.
#  File does not exist.
#  File has not been updated.

# Not a target:
.c:
#  Implicit rule search has not been done.
#  Modification time never checked.
#  File has not been updated.

releasetoprod: bin/Release/game.exe
#  Phony target (prerequisite of .PHONY).
#  Implicit rule search has not been done.
#  File does not exist.
#  File has not been updated.
#  recipe to execute (from 'Makefile', line 409):
	$(_Q)cp $(TARGET) "$(PRODUCTION_FOLDER)"
	$(_Q)cp "env/linux/$(PRODUCTION_LINUX_ICON).png" "$(PRODUCTION_FOLDER)/$(PRODUCTION_LINUX_ICON).png"
	$(_Q)cp "env/linux/exec.desktop "$(PRODUCTION_FOLDER)/$(NAME).desktop"
	$(_Q)sed -i 's/^Exec=.*/Exec=$(_LINUX_GREP_CWD)\/$(PRODUCTION_FOLDER)\/$(NAME)/' "$(PRODUCTION_FOLDER)/$(NAME).desktop"
	$(_Q)sed -i 's/^Path=.*/Path=$(_LINUX_GREP_CWD)\/$(PRODUCTION_FOLDER)/' "$(PRODUCTION_FOLDER)/$(NAME).desktop"
	$(_Q)sed -i 's/^Name=.*/Name=$(PRODUCTION_LINUX_APP_NAME)/' "$(PRODUCTION_FOLDER)/$(NAME).desktop"
	$(_Q)sed -i 's/^Comment=.*/Comment=$(PRODUCTION_LINUX_APP_COMMENT)/' "$(PRODUCTION_FOLDER)/$(NAME).desktop"
	$(_Q)sed -i 's/^Icon=.*/Icon=$(_LINUX_GREP_CWD)\/$(PRODUCTION_FOLDER)\/$(PRODUCTION_LINUX_ICON).png/' "$(PRODUCTION_FOLDER)/$(NAME).desktop"
	$(_Q)chmod +x "$(PRODUCTION_FOLDER)/$(NAME)"
	$(_Q)chmod +x "$(PRODUCTION_FOLDER)/$(NAME).desktop"
	$(_Q)cp "$(PRODUCTION_FOLDER)/$(NAME).desktop" ~/.local/share/applications

bin/Release/game:
#  Implicit rule search has not been done.
#  Modification time never checked.
#  File has not been updated.
#  recipe to execute (from 'Makefile', line 351):
	$(call linking_with,$@)
	$(_Q)$(CC) $(_LIB_DIRS) $(_SYMBOLS) -o $@ $(ORIGIN_FLAG) $(OBJS) $(_LINK_LIBRARIES) $(BUILD_FLAGS)
	@printf '\n'
	$(call build_deps)

bin/Release/obj/PCH.hpp.gch: src/PCH.hpp src/Utility/FileSystem.hpp src/Utility/Types.hpp
#  Implicit rule search has not been done.
#  Modification time never checked.
#  File has not been updated.

.SUFFIXES: .c .cpp .h .hpp .rc .res .inl .o .d .asm
#  Implicit rule search has not been done.
#  Modification time never checked.
#  File has not been updated.

# Not a target:
.rc:
#  Implicit rule search has not been done.
#  Modification time never checked.
#  File has not been updated.

.PHONY: rebuild buildprod makepch makebuild clean rmprod mkdirprod releasetoprod makeproduction
#  Implicit rule search has not been done.
#  Modification time never checked.
#  File has not been updated.

# Not a target:
bin/Release/dep/%.d:
#  Precious file (prerequisite of .PRECIOUS).
#  Implicit rule search has not been done.
#  Modification time never checked.
#  File has not been updated.

bin/Release/game.dll:
#  Implicit rule search has not been done.
#  Modification time never checked.
#  File has not been updated.
#  recipe to execute (from 'Makefile', line 329):
	$(call linking_with,$@)
	-$(_Q)rm -rf $(BLD_DIR)/$(_BASENAME).def $(BLD_DIR)/$(_BASENAME).a
	$(_Q)$(CC) -shared -Wl,--output-def="$(BLD_DIR)/$(_BASENAME).def" -Wl,--out-implib="$(BLD_DIR)/$(_BASENAME).a" -Wl,--dll $(_LIB_DIRS) $(OBJS) -o $@ $(_SYMBOLS) $(_LINK_LIBRARIES) $(BUILD_FLAGS)
	@printf '\n'

# files hash-table stats:
# Load=45/1024=4%, Rehash=0, Collisions=3/202=1%
# VPATH Search Paths

# No 'vpath' search paths.

# No general ('VPATH' variable) search path.

# strcache buffers: 1 (0) / strings = 93 / storage = 1007 B / avg = 10 B
# current buf: size = 8162 B / used = 1007 B / count = 93 / avg = 10 B

# strcache performance: lookups = 193 / hit rate = 51%
# hash-table stats:
# Load=93/8192=1%, Rehash=0, Collisions=1/193=1%
# Finished Make data base on Sun Nov  7 15:32:29 2021

 
